<?xml version="1.0" encoding="UTF-8"?>
<!-- Generated by org.testng.reporters.JUnitXMLReporter -->
<testsuite hostname="Jalarambapa" ignored="1" name="Sanity Test" tests="1" failures="0" timestamp="2022-12-13T22:33:25 GMT" time="8.916" errors="0">
  <testcase name="userShouldNavigateToForgotPasswordPageSuccessfully" time="1.177" classname="com.orangehrmlive.opensourcedemo.testsuite.ForgotPasswordPageTest"/>
  <testcase name="userShouldLoginSuccessfullyWithValidCredentials" time="0.0" classname="com.orangehrmlive.opensourcedemo.testsuite.LoginPageTest">
    <ignored/>
  </testcase> <!-- userShouldLoginSuccessfullyWithValidCredentials -->
</testsuite> <!-- Sanity Test -->
